<?xml version="1.0" encoding="UTF-8"?>
<!-- Generated by org.testng.reporters.JUnitXMLReporter -->
<testsuite hostname="NC-laptop01" ignored="0" name="automationPracticeApp Test cases" tests="17" failures="6" timestamp="2021-01-28T11:03:42 MST" time="163.958" errors="0">
  <testcase name="validLoginTest" time="1.379" classname="tests.LoginPageTest"/>
  <testcase name="verifyloginPageTitleTest" time="0.007" classname="tests.LoginPageTest"/>
  <testcase name="logoTest" time="0.043" classname="tests.LoginPageTest"/>
  <testcase name="inValidLoginTest" time="1.961" classname="tests.LoginPageTest">
    <failure type="java.lang.AssertionError" message="expected [false] but found [true]">
      <![CDATA[java.lang.AssertionError: expected [false] but found [true]
at tests.LoginPageTest.inValidLoginTest(LoginPageTest.java:65)
at java.util.ArrayList.forEach(Unknown Source)
... Removed 31 stack frames]]>
    </failure>
  </testcase> <!-- inValidLoginTest -->
  <testcase name="inValidLoginTest" time="2.47" classname="tests.LoginPageTest">
    <failure type="java.lang.AssertionError" message="expected [false] but found [true]">
      <![CDATA[java.lang.AssertionError: expected [false] but found [true]
at tests.LoginPageTest.inValidLoginTest(LoginPageTest.java:65)
at java.util.ArrayList.forEach(Unknown Source)
... Removed 31 stack frames]]>
    </failure>
  </testcase> <!-- inValidLoginTest -->
  <testcase name="inValidLoginTest" time="1.1" classname="tests.LoginPageTest">
    <failure type="java.lang.AssertionError" message="expected [false] but found [true]">
      <![CDATA[java.lang.AssertionError: expected [false] but found [true]
at tests.LoginPageTest.inValidLoginTest(LoginPageTest.java:65)
at java.util.ArrayList.forEach(Unknown Source)
... Removed 31 stack frames]]>
    </failure>
  </testcase> <!-- inValidLoginTest -->
  <testcase name="inValidLoginTest" time="1.291" classname="tests.LoginPageTest">
    <failure type="java.lang.AssertionError" message="expected [false] but found [true]">
      <![CDATA[java.lang.AssertionError: expected [false] but found [true]
at tests.LoginPageTest.inValidLoginTest(LoginPageTest.java:65)
at java.util.ArrayList.forEach(Unknown Source)
... Removed 31 stack frames]]>
    </failure>
  </testcase> <!-- inValidLoginTest -->
  <testcase name="inValidLoginTest" time="1.59" classname="tests.LoginPageTest">
    <failure type="java.lang.AssertionError" message="expected [false] but found [true]">
      <![CDATA[java.lang.AssertionError: expected [false] but found [true]
at tests.LoginPageTest.inValidLoginTest(LoginPageTest.java:65)
at java.util.ArrayList.forEach(Unknown Source)
... Removed 31 stack frames]]>
    </failure>
  </testcase> <!-- inValidLoginTest -->
  <testcase name="inValidLoginTest" time="2.8" classname="tests.LoginPageTest">
    <failure type="java.lang.AssertionError" message="expected [false] but found [true]">
      <![CDATA[java.lang.AssertionError: expected [false] but found [true]
at tests.LoginPageTest.inValidLoginTest(LoginPageTest.java:65)
at java.util.ArrayList.forEach(Unknown Source)
... Removed 31 stack frames]]>
    </failure>
  </testcase> <!-- inValidLoginTest -->
  <testcase name="AddtoCartTest" time="2.701" classname="tests.SearchPageTest"/>
  <testcase name="logoTest" time="0.031" classname="tests.SearchPageTest"/>
  <testcase name="verifySearchPageTitleTest" time="0.004" classname="tests.SearchPageTest"/>
  <testcase name="landingPageTitleTest" time="0.02" classname="tests.LandingPageTest"/>
  <testcase name="logoTest" time="0.027" classname="tests.LandingPageTest"/>
  <testcase name="signinLinkTest" time="2.257" classname="tests.LandingPageTest"/>
  <testcase name="verifyUserAccountNameTest" time="0.027" classname="tests.AccountPageTest"/>
  <testcase name="logoTest" time="0.032" classname="tests.AccountPageTest"/>
</testsuite> <!-- automationPracticeApp Test cases -->
