<!DOCTYPE html PUBLIC "-//W3C//DTD XHTML 1.1//EN" "https://www.w3.org/TR/xhtml11/DTD/xhtml11.dtd">
<html xmlns="https://www.w3.org/1999/xhtml">
<head>
<meta http-equiv="content-type" content="text/html; charset=UTF-8"/>
<title>TestNG Report</title>
<style type="text/css">table {margin-bottom:10px;border-collapse:collapse;empty-cells:show}th,td {border:1px solid #009;padding:.25em .5em}th {vertical-align:bottom}td {vertical-align:top}table a {font-weight:bold}.stripe td {background-color: #E6EBF9}.num {text-align:right}.passedodd td {background-color: #3F3}.passedeven td {background-color: #0A0}.skippedodd td {background-color: #DDD}.skippedeven td {background-color: #CCC}.failedodd td,.attn {background-color: #F33}.failedeven td,.stripe .attn {background-color: #D00}.stacktrace {white-space:pre;font-family:monospace}.totop {font-size:85%;text-align:center;border-bottom:2px solid #000}.invisible {display:none}</style>
</head>
<body>
<table>
<tr><th>Test</th><th># Passed</th><th># Skipped</th><th># Retried</th><th># Failed</th><th>Time (ms)</th><th>Included Groups</th><th>Excluded Groups</th></tr>
<tr><th colspan="8">codingTask Test Suite</th></tr>
<tr><td><a href="#t0">automationPracticeApp Test cases</a></td><td class="num">11</td><td class="num">0</td><td class="num">0</td><td class="num attn">6</td><td class="num">163,958</td><td></td><td></td></tr>
</table>
<table id='summary'><thead><tr><th>Class</th><th>Method</th><th>Start</th><th>Time (ms)</th></tr></thead><tbody><tr><th colspan="4">codingTask Test Suite</th></tr></tbody><tbody id="t0"><tr><th colspan="4">automationPracticeApp Test cases &#8212; failed</th></tr><tr class="failedeven"><td rowspan="6">tests.LoginPageTest</td><td><a href="#m0">inValidLoginTest</a></td><td rowspan="6">1611856932757</td><td rowspan="6">1590</td></tr><tr class="failedeven"><td><a href="#m1">inValidLoginTest</a></td></tr><tr class="failedeven"><td><a href="#m2">inValidLoginTest</a></td></tr><tr class="failedeven"><td><a href="#m3">inValidLoginTest</a></td></tr><tr class="failedeven"><td><a href="#m4">inValidLoginTest</a></td></tr><tr class="failedeven"><td><a href="#m5">inValidLoginTest</a></td></tr><tr><th colspan="4">automationPracticeApp Test cases &#8212; passed</th></tr><tr class="passedeven"><td rowspan="2">tests.AccountPageTest</td><td><a href="#m6">logoTest</a></td><td rowspan="1">1611857021637</td><td rowspan="1">32</td></tr><tr class="passedeven"><td><a href="#m7">verifyUserAccountNameTest</a></td><td rowspan="1">1611857014525</td><td rowspan="1">27</td></tr><tr class="passedodd"><td rowspan="3">tests.LandingPageTest</td><td><a href="#m8">landingPageTitleTest</a></td><td rowspan="1">1611856994478</td><td rowspan="1">20</td></tr><tr class="passedodd"><td><a href="#m9">logoTest</a></td><td rowspan="1">1611856999306</td><td rowspan="1">27</td></tr><tr class="passedodd"><td><a href="#m10">signinLinkTest</a></td><td rowspan="1">1611857003702</td><td rowspan="1">2257</td></tr><tr class="passedeven"><td rowspan="3">tests.LoginPageTest</td><td><a href="#m11">logoTest</a></td><td rowspan="1">1611856885607</td><td rowspan="1">43</td></tr><tr class="passedeven"><td><a href="#m12">validLoginTest</a></td><td rowspan="1">1611856864834</td><td rowspan="1">1379</td></tr><tr class="passedeven"><td><a href="#m13">verifyloginPageTitleTest</a></td><td rowspan="1">1611856872242</td><td rowspan="1">7</td></tr><tr class="passedodd"><td rowspan="3">tests.SearchPageTest</td><td><a href="#m14">AddtoCartTest</a></td><td rowspan="1">1611856961017</td><td rowspan="1">2701</td></tr><tr class="passedodd"><td><a href="#m15">logoTest</a></td><td rowspan="1">1611856974205</td><td rowspan="1">31</td></tr><tr class="passedodd"><td><a href="#m16">verifySearchPageTitleTest</a></td><td rowspan="1">1611856987908</td><td rowspan="1">4</td></tr></tbody>
</table>
<h2>automationPracticeApp Test cases</h2><h3 id="m0">tests.LoginPageTest#inValidLoginTest</h3><table class="result"><tr class="param"><th>Parameter #1</th><th>Parameter #2</th></tr><tr class="param stripe"><td>spoorthi@gmail.co</td><td>Test@123</td></tr><tr><th colspan="2">Exception</th></tr><tr><td colspan="2"><div class="stacktrace">java.lang.AssertionError: expected [false] but found [true]
	at tests.LoginPageTest.inValidLoginTest(LoginPageTest.java:65)
	at java.util.ArrayList.forEach(Unknown Source)
... Removed 31 stack frames</div></td></tr></table><p class="totop"><a href="#summary">back to summary</a></p>
<h3 id="m1">tests.LoginPageTest#inValidLoginTest</h3><table class="result"><tr class="param"><th>Parameter #1</th><th>Parameter #2</th></tr><tr class="param stripe"><td>user@gmailcom</td><td>password</td></tr><tr><th colspan="2">Exception</th></tr><tr><td colspan="2"><div class="stacktrace">java.lang.AssertionError: expected [false] but found [true]
	at tests.LoginPageTest.inValidLoginTest(LoginPageTest.java:65)
	at java.util.ArrayList.forEach(Unknown Source)
... Removed 31 stack frames</div></td></tr></table><p class="totop"><a href="#summary">back to summary</a></p>
<h3 id="m2">tests.LoginPageTest#inValidLoginTest</h3><table class="result"><tr class="param"><th>Parameter #1</th><th>Parameter #2</th></tr><tr class="param stripe"><td>spoorthi</td><td>spoorthi</td></tr><tr><th colspan="2">Exception</th></tr><tr><td colspan="2"><div class="stacktrace">java.lang.AssertionError: expected [false] but found [true]
	at tests.LoginPageTest.inValidLoginTest(LoginPageTest.java:65)
	at java.util.ArrayList.forEach(Unknown Source)
... Removed 31 stack frames</div></td></tr></table><p class="totop"><a href="#summary">back to summary</a></p>
<h3 id="m3">tests.LoginPageTest#inValidLoginTest</h3><table class="result"><tr class="param"><th>Parameter #1</th><th>Parameter #2</th></tr><tr class="param stripe"><td>user@gmail.com</td><td>password</td></tr><tr><th colspan="2">Exception</th></tr><tr><td colspan="2"><div class="stacktrace">java.lang.AssertionError: expected [false] but found [true]
	at tests.LoginPageTest.inValidLoginTest(LoginPageTest.java:65)
	at java.util.ArrayList.forEach(Unknown Source)
... Removed 31 stack frames</div></td></tr></table><p class="totop"><a href="#summary">back to summary</a></p>
<h3 id="m4">tests.LoginPageTest#inValidLoginTest</h3><table class="result"><tr class="param"><th>Parameter #1</th><th>Parameter #2</th></tr><tr class="param stripe"><td>usergmail.com</td><td>password</td></tr><tr><th colspan="2">Exception</th></tr><tr><td colspan="2"><div class="stacktrace">java.lang.AssertionError: expected [false] but found [true]
	at tests.LoginPageTest.inValidLoginTest(LoginPageTest.java:65)
	at java.util.ArrayList.forEach(Unknown Source)
... Removed 31 stack frames</div></td></tr></table><p class="totop"><a href="#summary">back to summary</a></p>
<h3 id="m5">tests.LoginPageTest#inValidLoginTest</h3><table class="result"><tr class="param"><th>Parameter #1</th><th>Parameter #2</th></tr><tr class="param stripe"><td>       </td><td>spoorthi</td></tr><tr><th colspan="2">Exception</th></tr><tr><td colspan="2"><div class="stacktrace">java.lang.AssertionError: expected [false] but found [true]
	at tests.LoginPageTest.inValidLoginTest(LoginPageTest.java:65)
	at java.util.ArrayList.forEach(Unknown Source)
... Removed 31 stack frames</div></td></tr></table><p class="totop"><a href="#summary">back to summary</a></p>
<h3 id="m6">tests.AccountPageTest#logoTest</h3><table class="result"><tr><th class="invisible"/></tr></table><p class="totop"><a href="#summary">back to summary</a></p>
<h3 id="m7">tests.AccountPageTest#verifyUserAccountNameTest</h3><table class="result"><tr><th class="invisible"/></tr></table><p class="totop"><a href="#summary">back to summary</a></p>
<h3 id="m8">tests.LandingPageTest#landingPageTitleTest</h3><table class="result"><tr><th class="invisible"/></tr></table><p class="totop"><a href="#summary">back to summary</a></p>
<h3 id="m9">tests.LandingPageTest#logoTest</h3><table class="result"><tr><th class="invisible"/></tr></table><p class="totop"><a href="#summary">back to summary</a></p>
<h3 id="m10">tests.LandingPageTest#signinLinkTest</h3><table class="result"><tr><th class="invisible"/></tr></table><p class="totop"><a href="#summary">back to summary</a></p>
<h3 id="m11">tests.LoginPageTest#logoTest</h3><table class="result"><tr><th class="invisible"/></tr></table><p class="totop"><a href="#summary">back to summary</a></p>
<h3 id="m12">tests.LoginPageTest#validLoginTest</h3><table class="result"><tr><th class="invisible"/></tr></table><p class="totop"><a href="#summary">back to summary</a></p>
<h3 id="m13">tests.LoginPageTest#verifyloginPageTitleTest</h3><table class="result"><tr><th class="invisible"/></tr></table><p class="totop"><a href="#summary">back to summary</a></p>
<h3 id="m14">tests.SearchPageTest#AddtoCartTest</h3><table class="result"><tr><th class="invisible"/></tr></table><p class="totop"><a href="#summary">back to summary</a></p>
<h3 id="m15">tests.SearchPageTest#logoTest</h3><table class="result"><tr><th class="invisible"/></tr></table><p class="totop"><a href="#summary">back to summary</a></p>
<h3 id="m16">tests.SearchPageTest#verifySearchPageTitleTest</h3><table class="result"><tr><th class="invisible"/></tr></table><p class="totop"><a href="#summary">back to summary</a></p>
</body>
</html>
